{"C:\\Users\\brian\\ask-cli\\ayjayzee\\index.js": {"path":"C:\\Users\\brian\\ask-cli\\ayjayzee\\index.js","statementMap":{"0":{"start":{"line":5,"column":14},"end":{"line":5,"column":32}},"1":{"start":{"line":6,"column":17},"end":{"line":6,"column":47}},"2":{"start":{"line":8,"column":19},"end":{"line":8,"column":43}},"3":{"start":{"line":9,"column":37},"end":{"line":9,"column":132}},"4":{"start":{"line":10,"column":38},"end":{"line":10,"column":80}},"5":{"start":{"line":11,"column":38},"end":{"line":11,"column":221}},"6":{"start":{"line":12,"column":39},"end":{"line":12,"column":81}},"7":{"start":{"line":14,"column":0},"end":{"line":19,"column":2}},"8":{"start":{"line":15,"column":14},"end":{"line":15,"column":43}},"9":{"start":{"line":16,"column":2},"end":{"line":16,"column":23}},"10":{"start":{"line":17,"column":2},"end":{"line":17,"column":35}},"11":{"start":{"line":18,"column":2},"end":{"line":18,"column":18}},"12":{"start":{"line":21,"column":22},"end":{"line":49,"column":1}},"13":{"start":{"line":25,"column":4},"end":{"line":25,"column":67}},"14":{"start":{"line":29,"column":30},"end":{"line":29,"column":60}},"15":{"start":{"line":30,"column":28},"end":{"line":30,"column":56}},"16":{"start":{"line":32,"column":23},"end":{"line":32,"column":72}},"17":{"start":{"line":33,"column":4},"end":{"line":38,"column":5}},"18":{"start":{"line":35,"column":6},"end":{"line":35,"column":39}},"19":{"start":{"line":36,"column":6},"end":{"line":36,"column":33}},"20":{"start":{"line":37,"column":6},"end":{"line":37,"column":37}},"21":{"start":{"line":40,"column":4},"end":{"line":40,"column":55}},"22":{"start":{"line":42,"column":25},"end":{"line":42,"column":154}},"23":{"start":{"line":43,"column":21},"end":{"line":43,"column":63}},"24":{"start":{"line":44,"column":4},"end":{"line":47,"column":21}},"25":{"start":{"line":51,"column":20},"end":{"line":64,"column":1}},"26":{"start":{"line":53,"column":20},"end":{"line":53,"column":56}},"27":{"start":{"line":55,"column":4},"end":{"line":57,"column":57}},"28":{"start":{"line":60,"column":4},"end":{"line":62,"column":21}},"29":{"start":{"line":66,"column":28},"end":{"line":74,"column":1}},"30":{"start":{"line":68,"column":4},"end":{"line":68,"column":79}},"31":{"start":{"line":71,"column":4},"end":{"line":71,"column":93}},"32":{"start":{"line":72,"column":4},"end":{"line":72,"column":54}},"33":{"start":{"line":76,"column":19},"end":{"line":92,"column":1}},"34":{"start":{"line":78,"column":20},"end":{"line":78,"column":56}},"35":{"start":{"line":80,"column":4},"end":{"line":80,"column":91}},"36":{"start":{"line":83,"column":25},"end":{"line":84,"column":40}},"37":{"start":{"line":85,"column":21},"end":{"line":85,"column":43}},"38":{"start":{"line":87,"column":4},"end":{"line":90,"column":21}},"39":{"start":{"line":94,"column":18},"end":{"line":122,"column":1}},"40":{"start":{"line":97,"column":29},"end":{"line":97,"column":34}},"41":{"start":{"line":98,"column":20},"end":{"line":98,"column":56}},"42":{"start":{"line":99,"column":30},"end":{"line":99,"column":60}},"43":{"start":{"line":100,"column":30},"end":{"line":100,"column":70}},"44":{"start":{"line":102,"column":4},"end":{"line":105,"column":5}},"45":{"start":{"line":104,"column":6},"end":{"line":104,"column":32}},"46":{"start":{"line":107,"column":4},"end":{"line":107,"column":113}},"47":{"start":{"line":110,"column":30},"end":{"line":110,"column":60}},"48":{"start":{"line":111,"column":28},"end":{"line":111,"column":56}},"49":{"start":{"line":112,"column":30},"end":{"line":112,"column":70}},"50":{"start":{"line":114,"column":4},"end":{"line":114,"column":44}},"51":{"start":{"line":115,"column":4},"end":{"line":115,"column":68}},"52":{"start":{"line":117,"column":4},"end":{"line":120,"column":21}},"53":{"start":{"line":124,"column":17},"end":{"line":152,"column":1}},"54":{"start":{"line":127,"column":29},"end":{"line":127,"column":34}},"55":{"start":{"line":128,"column":20},"end":{"line":128,"column":56}},"56":{"start":{"line":129,"column":30},"end":{"line":129,"column":60}},"57":{"start":{"line":130,"column":30},"end":{"line":130,"column":70}},"58":{"start":{"line":132,"column":4},"end":{"line":135,"column":5}},"59":{"start":{"line":134,"column":6},"end":{"line":134,"column":32}},"60":{"start":{"line":137,"column":4},"end":{"line":137,"column":112}},"61":{"start":{"line":140,"column":30},"end":{"line":140,"column":60}},"62":{"start":{"line":141,"column":28},"end":{"line":141,"column":56}},"63":{"start":{"line":142,"column":30},"end":{"line":142,"column":70}},"64":{"start":{"line":144,"column":4},"end":{"line":144,"column":45}},"65":{"start":{"line":145,"column":4},"end":{"line":145,"column":42}},"66":{"start":{"line":146,"column":4},"end":{"line":146,"column":65}},"67":{"start":{"line":148,"column":4},"end":{"line":148,"column":55}},"68":{"start":{"line":150,"column":4},"end":{"line":150,"column":73}},"69":{"start":{"line":154,"column":24},"end":{"line":165,"column":1}},"70":{"start":{"line":156,"column":4},"end":{"line":156,"column":16}},"71":{"start":{"line":159,"column":25},"end":{"line":159,"column":70}},"72":{"start":{"line":160,"column":4},"end":{"line":163,"column":21}},"73":{"start":{"line":167,"column":26},"end":{"line":214,"column":1}},"74":{"start":{"line":170,"column":29},"end":{"line":170,"column":34}},"75":{"start":{"line":171,"column":20},"end":{"line":171,"column":56}},"76":{"start":{"line":172,"column":30},"end":{"line":172,"column":60}},"77":{"start":{"line":173,"column":30},"end":{"line":173,"column":70}},"78":{"start":{"line":175,"column":4},"end":{"line":178,"column":5}},"79":{"start":{"line":177,"column":6},"end":{"line":177,"column":32}},"80":{"start":{"line":180,"column":4},"end":{"line":180,"column":113}},"81":{"start":{"line":183,"column":68},"end":{"line":183,"column":80}},"82":{"start":{"line":185,"column":21},"end":{"line":185,"column":84}},"83":{"start":{"line":186,"column":30},"end":{"line":186,"column":70}},"84":{"start":{"line":187,"column":22},"end":{"line":187,"column":51}},"85":{"start":{"line":189,"column":4},"end":{"line":208,"column":5}},"86":{"start":{"line":190,"column":6},"end":{"line":193,"column":23}},"87":{"start":{"line":194,"column":11},"end":{"line":208,"column":5}},"88":{"start":{"line":195,"column":6},"end":{"line":198,"column":23}},"89":{"start":{"line":199,"column":11},"end":{"line":208,"column":5}},"90":{"start":{"line":200,"column":6},"end":{"line":200,"column":41}},"91":{"start":{"line":201,"column":6},"end":{"line":201,"column":44}},"92":{"start":{"line":202,"column":6},"end":{"line":202,"column":67}},"93":{"start":{"line":203,"column":6},"end":{"line":203,"column":57}},"94":{"start":{"line":204,"column":6},"end":{"line":207,"column":23}},"95":{"start":{"line":209,"column":4},"end":{"line":212,"column":21}},"96":{"start":{"line":216,"column":21},"end":{"line":228,"column":1}},"97":{"start":{"line":218,"column":4},"end":{"line":218,"column":16}},"98":{"start":{"line":221,"column":4},"end":{"line":221,"column":51}},"99":{"start":{"line":223,"column":4},"end":{"line":226,"column":21}},"100":{"start":{"line":230,"column":24},"end":{"line":263,"column":1}},"101":{"start":{"line":237,"column":20},"end":{"line":237,"column":56}},"102":{"start":{"line":238,"column":4},"end":{"line":241,"column":50}},"103":{"start":{"line":244,"column":30},"end":{"line":244,"column":60}},"104":{"start":{"line":245,"column":30},"end":{"line":245,"column":70}},"105":{"start":{"line":247,"column":4},"end":{"line":255,"column":5}},"106":{"start":{"line":251,"column":6},"end":{"line":254,"column":23}},"107":{"start":{"line":258,"column":4},"end":{"line":261,"column":21}},"108":{"start":{"line":265,"column":21},"end":{"line":265,"column":51}},"109":{"start":{"line":267,"column":0},"end":{"line":282,"column":12}}},"fnMap":{"0":{"name":"(anonymous_0)","decl":{"start":{"line":14,"column":18},"end":{"line":14,"column":19}},"loc":{"start":{"line":14,"column":53},"end":{"line":19,"column":1}},"line":14}},"branchMap":{"0":{"loc":{"start":{"line":25,"column":11},"end":{"line":25,"column":66}},"type":"binary-expr","locations":[{"start":{"line":25,"column":11},"end":{"line":25,"column":30}},{"start":{"line":25,"column":34},"end":{"line":25,"column":66}}],"line":25},"1":{"loc":{"start":{"line":33,"column":4},"end":{"line":38,"column":5}},"type":"if","locations":[{"start":{"line":33,"column":4},"end":{"line":38,"column":5}},{"start":{"line":33,"column":4},"end":{"line":38,"column":5}}],"line":33},"2":{"loc":{"start":{"line":55,"column":12},"end":{"line":57,"column":55}},"type":"binary-expr","locations":[{"start":{"line":55,"column":12},"end":{"line":55,"column":44}},{"start":{"line":56,"column":10},"end":{"line":56,"column":55}},{"start":{"line":57,"column":11},"end":{"line":57,"column":54}}],"line":55},"3":{"loc":{"start":{"line":80,"column":11},"end":{"line":80,"column":90}},"type":"binary-expr","locations":[{"start":{"line":80,"column":11},"end":{"line":80,"column":43}},{"start":{"line":80,"column":47},"end":{"line":80,"column":90}}],"line":80},"4":{"loc":{"start":{"line":102,"column":4},"end":{"line":105,"column":5}},"type":"if","locations":[{"start":{"line":102,"column":4},"end":{"line":105,"column":5}},{"start":{"line":102,"column":4},"end":{"line":105,"column":5}}],"line":102},"5":{"loc":{"start":{"line":102,"column":8},"end":{"line":103,"column":49}},"type":"binary-expr","locations":[{"start":{"line":102,"column":8},"end":{"line":102,"column":35}},{"start":{"line":103,"column":8},"end":{"line":103,"column":49}}],"line":102},"6":{"loc":{"start":{"line":107,"column":11},"end":{"line":107,"column":112}},"type":"binary-expr","locations":[{"start":{"line":107,"column":11},"end":{"line":107,"column":30}},{"start":{"line":107,"column":34},"end":{"line":107,"column":66}},{"start":{"line":107,"column":70},"end":{"line":107,"column":112}}],"line":107},"7":{"loc":{"start":{"line":132,"column":4},"end":{"line":135,"column":5}},"type":"if","locations":[{"start":{"line":132,"column":4},"end":{"line":135,"column":5}},{"start":{"line":132,"column":4},"end":{"line":135,"column":5}}],"line":132},"8":{"loc":{"start":{"line":132,"column":8},"end":{"line":133,"column":49}},"type":"binary-expr","locations":[{"start":{"line":132,"column":8},"end":{"line":132,"column":35}},{"start":{"line":133,"column":8},"end":{"line":133,"column":49}}],"line":132},"9":{"loc":{"start":{"line":137,"column":11},"end":{"line":137,"column":111}},"type":"binary-expr","locations":[{"start":{"line":137,"column":11},"end":{"line":137,"column":30}},{"start":{"line":137,"column":34},"end":{"line":137,"column":66}},{"start":{"line":137,"column":70},"end":{"line":137,"column":111}}],"line":137},"10":{"loc":{"start":{"line":175,"column":4},"end":{"line":178,"column":5}},"type":"if","locations":[{"start":{"line":175,"column":4},"end":{"line":178,"column":5}},{"start":{"line":175,"column":4},"end":{"line":178,"column":5}}],"line":175},"11":{"loc":{"start":{"line":175,"column":8},"end":{"line":176,"column":49}},"type":"binary-expr","locations":[{"start":{"line":175,"column":8},"end":{"line":175,"column":35}},{"start":{"line":176,"column":8},"end":{"line":176,"column":49}}],"line":175},"12":{"loc":{"start":{"line":180,"column":11},"end":{"line":180,"column":112}},"type":"binary-expr","locations":[{"start":{"line":180,"column":11},"end":{"line":180,"column":29}},{"start":{"line":180,"column":33},"end":{"line":180,"column":65}},{"start":{"line":180,"column":69},"end":{"line":180,"column":112}}],"line":180},"13":{"loc":{"start":{"line":189,"column":4},"end":{"line":208,"column":5}},"type":"if","locations":[{"start":{"line":189,"column":4},"end":{"line":208,"column":5}},{"start":{"line":189,"column":4},"end":{"line":208,"column":5}}],"line":189},"14":{"loc":{"start":{"line":194,"column":11},"end":{"line":208,"column":5}},"type":"if","locations":[{"start":{"line":194,"column":11},"end":{"line":208,"column":5}},{"start":{"line":194,"column":11},"end":{"line":208,"column":5}}],"line":194},"15":{"loc":{"start":{"line":199,"column":11},"end":{"line":208,"column":5}},"type":"if","locations":[{"start":{"line":199,"column":11},"end":{"line":208,"column":5}},{"start":{"line":199,"column":11},"end":{"line":208,"column":5}}],"line":199},"16":{"loc":{"start":{"line":238,"column":11},"end":{"line":241,"column":49}},"type":"binary-expr","locations":[{"start":{"line":238,"column":11},"end":{"line":238,"column":43}},{"start":{"line":239,"column":7},"end":{"line":239,"column":54}},{"start":{"line":240,"column":7},"end":{"line":240,"column":49}},{"start":{"line":241,"column":7},"end":{"line":241,"column":48}}],"line":238},"17":{"loc":{"start":{"line":247,"column":4},"end":{"line":255,"column":5}},"type":"if","locations":[{"start":{"line":247,"column":4},"end":{"line":255,"column":5}},{"start":{"line":247,"column":4},"end":{"line":255,"column":5}}],"line":247},"18":{"loc":{"start":{"line":247,"column":8},"end":{"line":248,"column":49}},"type":"binary-expr","locations":[{"start":{"line":247,"column":8},"end":{"line":247,"column":35}},{"start":{"line":248,"column":8},"end":{"line":248,"column":49}}],"line":247}},"s":{"0":0,"1":0,"2":0,"3":0,"4":0,"5":0,"6":0,"7":0,"8":0,"9":0,"10":0,"11":0,"12":0,"13":0,"14":0,"15":0,"16":0,"17":0,"18":0,"19":0,"20":0,"21":0,"22":0,"23":0,"24":0,"25":0,"26":0,"27":0,"28":0,"29":0,"30":0,"31":0,"32":0,"33":0,"34":0,"35":0,"36":0,"37":0,"38":0,"39":0,"40":0,"41":0,"42":0,"43":0,"44":0,"45":0,"46":0,"47":0,"48":0,"49":0,"50":0,"51":0,"52":0,"53":0,"54":0,"55":0,"56":0,"57":0,"58":0,"59":0,"60":0,"61":0,"62":0,"63":0,"64":0,"65":0,"66":0,"67":0,"68":0,"69":0,"70":0,"71":0,"72":0,"73":0,"74":0,"75":0,"76":0,"77":0,"78":0,"79":0,"80":0,"81":0,"82":0,"83":0,"84":0,"85":0,"86":0,"87":0,"88":0,"89":0,"90":0,"91":0,"92":0,"93":0,"94":0,"95":0,"96":0,"97":0,"98":0,"99":0,"100":0,"101":0,"102":0,"103":0,"104":0,"105":0,"106":0,"107":0,"108":0,"109":0},"f":{"0":0},"b":{"0":[0,0],"1":[0,0],"2":[0,0,0],"3":[0,0],"4":[0,0],"5":[0,0],"6":[0,0,0],"7":[0,0],"8":[0,0],"9":[0,0,0],"10":[0,0],"11":[0,0],"12":[0,0,0],"13":[0,0],"14":[0,0],"15":[0,0],"16":[0,0,0,0],"17":[0,0],"18":[0,0]}}
,"C:\\Users\\brian\\ask-cli\\ayjayzee\\lambda\\custom\\index.js": {"path":"C:\\Users\\brian\\ask-cli\\ayjayzee\\lambda\\custom\\index.js","statementMap":{"0":{"start":{"line":12,"column":14},"end":{"line":12,"column":32}},"1":{"start":{"line":15,"column":15},"end":{"line":15,"column":69}},"2":{"start":{"line":16,"column":19},"end":{"line":16,"column":39}},"3":{"start":{"line":17,"column":37},"end":{"line":17,"column":132}},"4":{"start":{"line":18,"column":38},"end":{"line":18,"column":80}},"5":{"start":{"line":19,"column":38},"end":{"line":19,"column":235}},"6":{"start":{"line":20,"column":39},"end":{"line":20,"column":81}},"7":{"start":{"line":23,"column":22},"end":{"line":50,"column":1}},"8":{"start":{"line":27,"column":4},"end":{"line":28,"column":67}},"9":{"start":{"line":31,"column":28},"end":{"line":31,"column":56}},"10":{"start":{"line":33,"column":23},"end":{"line":33,"column":72}},"11":{"start":{"line":34,"column":4},"end":{"line":39,"column":5}},"12":{"start":{"line":36,"column":6},"end":{"line":36,"column":39}},"13":{"start":{"line":37,"column":6},"end":{"line":37,"column":33}},"14":{"start":{"line":38,"column":6},"end":{"line":38,"column":37}},"15":{"start":{"line":41,"column":4},"end":{"line":41,"column":55}},"16":{"start":{"line":43,"column":25},"end":{"line":43,"column":154}},"17":{"start":{"line":44,"column":21},"end":{"line":44,"column":63}},"18":{"start":{"line":45,"column":4},"end":{"line":48,"column":21}},"19":{"start":{"line":52,"column":20},"end":{"line":63,"column":1}},"20":{"start":{"line":54,"column":20},"end":{"line":54,"column":56}},"21":{"start":{"line":56,"column":4},"end":{"line":56,"column":144}},"22":{"start":{"line":59,"column":4},"end":{"line":61,"column":21}},"23":{"start":{"line":65,"column":28},"end":{"line":73,"column":1}},"24":{"start":{"line":67,"column":4},"end":{"line":67,"column":79}},"25":{"start":{"line":70,"column":4},"end":{"line":70,"column":93}},"26":{"start":{"line":71,"column":4},"end":{"line":71,"column":54}},"27":{"start":{"line":75,"column":19},"end":{"line":91,"column":1}},"28":{"start":{"line":77,"column":20},"end":{"line":77,"column":56}},"29":{"start":{"line":79,"column":4},"end":{"line":79,"column":91}},"30":{"start":{"line":82,"column":25},"end":{"line":83,"column":40}},"31":{"start":{"line":84,"column":21},"end":{"line":84,"column":43}},"32":{"start":{"line":86,"column":4},"end":{"line":89,"column":21}},"33":{"start":{"line":93,"column":18},"end":{"line":121,"column":1}},"34":{"start":{"line":96,"column":29},"end":{"line":96,"column":34}},"35":{"start":{"line":97,"column":20},"end":{"line":97,"column":56}},"36":{"start":{"line":98,"column":30},"end":{"line":98,"column":60}},"37":{"start":{"line":99,"column":30},"end":{"line":99,"column":70}},"38":{"start":{"line":101,"column":4},"end":{"line":104,"column":5}},"39":{"start":{"line":103,"column":6},"end":{"line":103,"column":32}},"40":{"start":{"line":106,"column":4},"end":{"line":106,"column":113}},"41":{"start":{"line":109,"column":30},"end":{"line":109,"column":60}},"42":{"start":{"line":110,"column":28},"end":{"line":110,"column":56}},"43":{"start":{"line":111,"column":30},"end":{"line":111,"column":70}},"44":{"start":{"line":113,"column":4},"end":{"line":113,"column":44}},"45":{"start":{"line":114,"column":4},"end":{"line":114,"column":68}},"46":{"start":{"line":116,"column":4},"end":{"line":119,"column":21}},"47":{"start":{"line":123,"column":17},"end":{"line":151,"column":1}},"48":{"start":{"line":126,"column":29},"end":{"line":126,"column":34}},"49":{"start":{"line":127,"column":20},"end":{"line":127,"column":56}},"50":{"start":{"line":128,"column":30},"end":{"line":128,"column":60}},"51":{"start":{"line":129,"column":30},"end":{"line":129,"column":70}},"52":{"start":{"line":131,"column":4},"end":{"line":134,"column":5}},"53":{"start":{"line":133,"column":6},"end":{"line":133,"column":32}},"54":{"start":{"line":136,"column":4},"end":{"line":136,"column":112}},"55":{"start":{"line":139,"column":30},"end":{"line":139,"column":60}},"56":{"start":{"line":140,"column":28},"end":{"line":140,"column":56}},"57":{"start":{"line":141,"column":30},"end":{"line":141,"column":70}},"58":{"start":{"line":143,"column":4},"end":{"line":143,"column":45}},"59":{"start":{"line":144,"column":4},"end":{"line":144,"column":42}},"60":{"start":{"line":145,"column":4},"end":{"line":145,"column":65}},"61":{"start":{"line":147,"column":4},"end":{"line":147,"column":49}},"62":{"start":{"line":149,"column":4},"end":{"line":149,"column":73}},"63":{"start":{"line":153,"column":24},"end":{"line":164,"column":1}},"64":{"start":{"line":155,"column":4},"end":{"line":155,"column":16}},"65":{"start":{"line":158,"column":25},"end":{"line":158,"column":70}},"66":{"start":{"line":159,"column":4},"end":{"line":162,"column":21}},"67":{"start":{"line":166,"column":26},"end":{"line":214,"column":1}},"68":{"start":{"line":169,"column":29},"end":{"line":169,"column":34}},"69":{"start":{"line":170,"column":20},"end":{"line":170,"column":56}},"70":{"start":{"line":171,"column":30},"end":{"line":171,"column":60}},"71":{"start":{"line":172,"column":30},"end":{"line":172,"column":70}},"72":{"start":{"line":174,"column":4},"end":{"line":177,"column":5}},"73":{"start":{"line":176,"column":6},"end":{"line":176,"column":32}},"74":{"start":{"line":179,"column":4},"end":{"line":180,"column":49}},"75":{"start":{"line":183,"column":68},"end":{"line":183,"column":80}},"76":{"start":{"line":185,"column":21},"end":{"line":185,"column":84}},"77":{"start":{"line":186,"column":30},"end":{"line":186,"column":70}},"78":{"start":{"line":187,"column":22},"end":{"line":187,"column":51}},"79":{"start":{"line":189,"column":4},"end":{"line":208,"column":5}},"80":{"start":{"line":190,"column":6},"end":{"line":193,"column":23}},"81":{"start":{"line":194,"column":11},"end":{"line":208,"column":5}},"82":{"start":{"line":195,"column":6},"end":{"line":198,"column":23}},"83":{"start":{"line":199,"column":11},"end":{"line":208,"column":5}},"84":{"start":{"line":200,"column":6},"end":{"line":200,"column":41}},"85":{"start":{"line":201,"column":6},"end":{"line":201,"column":44}},"86":{"start":{"line":202,"column":6},"end":{"line":202,"column":67}},"87":{"start":{"line":203,"column":6},"end":{"line":203,"column":51}},"88":{"start":{"line":204,"column":6},"end":{"line":207,"column":23}},"89":{"start":{"line":209,"column":4},"end":{"line":212,"column":21}},"90":{"start":{"line":216,"column":21},"end":{"line":228,"column":1}},"91":{"start":{"line":218,"column":4},"end":{"line":218,"column":16}},"92":{"start":{"line":221,"column":4},"end":{"line":221,"column":51}},"93":{"start":{"line":223,"column":4},"end":{"line":226,"column":21}},"94":{"start":{"line":230,"column":24},"end":{"line":263,"column":1}},"95":{"start":{"line":237,"column":20},"end":{"line":237,"column":56}},"96":{"start":{"line":238,"column":4},"end":{"line":241,"column":50}},"97":{"start":{"line":244,"column":30},"end":{"line":244,"column":60}},"98":{"start":{"line":245,"column":30},"end":{"line":245,"column":70}},"99":{"start":{"line":247,"column":4},"end":{"line":255,"column":5}},"100":{"start":{"line":251,"column":6},"end":{"line":254,"column":23}},"101":{"start":{"line":258,"column":4},"end":{"line":261,"column":21}},"102":{"start":{"line":265,"column":21},"end":{"line":265,"column":51}},"103":{"start":{"line":267,"column":0},"end":{"line":282,"column":13}}},"fnMap":{},"branchMap":{"0":{"loc":{"start":{"line":27,"column":11},"end":{"line":28,"column":66}},"type":"binary-expr","locations":[{"start":{"line":27,"column":11},"end":{"line":27,"column":51}},{"start":{"line":28,"column":5},"end":{"line":28,"column":66}}],"line":27},"1":{"loc":{"start":{"line":33,"column":23},"end":{"line":33,"column":72}},"type":"binary-expr","locations":[{"start":{"line":33,"column":23},"end":{"line":33,"column":66}},{"start":{"line":33,"column":70},"end":{"line":33,"column":72}}],"line":33},"2":{"loc":{"start":{"line":34,"column":4},"end":{"line":39,"column":5}},"type":"if","locations":[{"start":{"line":34,"column":4},"end":{"line":39,"column":5}},{"start":{"line":34,"column":4},"end":{"line":39,"column":5}}],"line":34},"3":{"loc":{"start":{"line":56,"column":12},"end":{"line":56,"column":142}},"type":"binary-expr","locations":[{"start":{"line":56,"column":12},"end":{"line":56,"column":44}},{"start":{"line":56,"column":49},"end":{"line":56,"column":94}},{"start":{"line":56,"column":98},"end":{"line":56,"column":141}}],"line":56},"4":{"loc":{"start":{"line":79,"column":11},"end":{"line":79,"column":90}},"type":"binary-expr","locations":[{"start":{"line":79,"column":11},"end":{"line":79,"column":43}},{"start":{"line":79,"column":47},"end":{"line":79,"column":90}}],"line":79},"5":{"loc":{"start":{"line":101,"column":4},"end":{"line":104,"column":5}},"type":"if","locations":[{"start":{"line":101,"column":4},"end":{"line":104,"column":5}},{"start":{"line":101,"column":4},"end":{"line":104,"column":5}}],"line":101},"6":{"loc":{"start":{"line":101,"column":8},"end":{"line":102,"column":49}},"type":"binary-expr","locations":[{"start":{"line":101,"column":8},"end":{"line":101,"column":35}},{"start":{"line":102,"column":8},"end":{"line":102,"column":49}}],"line":101},"7":{"loc":{"start":{"line":106,"column":11},"end":{"line":106,"column":112}},"type":"binary-expr","locations":[{"start":{"line":106,"column":11},"end":{"line":106,"column":30}},{"start":{"line":106,"column":34},"end":{"line":106,"column":66}},{"start":{"line":106,"column":70},"end":{"line":106,"column":112}}],"line":106},"8":{"loc":{"start":{"line":131,"column":4},"end":{"line":134,"column":5}},"type":"if","locations":[{"start":{"line":131,"column":4},"end":{"line":134,"column":5}},{"start":{"line":131,"column":4},"end":{"line":134,"column":5}}],"line":131},"9":{"loc":{"start":{"line":131,"column":8},"end":{"line":132,"column":49}},"type":"binary-expr","locations":[{"start":{"line":131,"column":8},"end":{"line":131,"column":35}},{"start":{"line":132,"column":8},"end":{"line":132,"column":49}}],"line":131},"10":{"loc":{"start":{"line":136,"column":11},"end":{"line":136,"column":111}},"type":"binary-expr","locations":[{"start":{"line":136,"column":11},"end":{"line":136,"column":30}},{"start":{"line":136,"column":34},"end":{"line":136,"column":66}},{"start":{"line":136,"column":70},"end":{"line":136,"column":111}}],"line":136},"11":{"loc":{"start":{"line":174,"column":4},"end":{"line":177,"column":5}},"type":"if","locations":[{"start":{"line":174,"column":4},"end":{"line":177,"column":5}},{"start":{"line":174,"column":4},"end":{"line":177,"column":5}}],"line":174},"12":{"loc":{"start":{"line":174,"column":8},"end":{"line":175,"column":49}},"type":"binary-expr","locations":[{"start":{"line":174,"column":8},"end":{"line":174,"column":35}},{"start":{"line":175,"column":8},"end":{"line":175,"column":49}}],"line":174},"13":{"loc":{"start":{"line":179,"column":11},"end":{"line":180,"column":48}},"type":"binary-expr","locations":[{"start":{"line":179,"column":11},"end":{"line":179,"column":29}},{"start":{"line":179,"column":33},"end":{"line":179,"column":65}},{"start":{"line":180,"column":5},"end":{"line":180,"column":48}}],"line":179},"14":{"loc":{"start":{"line":189,"column":4},"end":{"line":208,"column":5}},"type":"if","locations":[{"start":{"line":189,"column":4},"end":{"line":208,"column":5}},{"start":{"line":189,"column":4},"end":{"line":208,"column":5}}],"line":189},"15":{"loc":{"start":{"line":194,"column":11},"end":{"line":208,"column":5}},"type":"if","locations":[{"start":{"line":194,"column":11},"end":{"line":208,"column":5}},{"start":{"line":194,"column":11},"end":{"line":208,"column":5}}],"line":194},"16":{"loc":{"start":{"line":199,"column":11},"end":{"line":208,"column":5}},"type":"if","locations":[{"start":{"line":199,"column":11},"end":{"line":208,"column":5}},{"start":{"line":199,"column":11},"end":{"line":208,"column":5}}],"line":199},"17":{"loc":{"start":{"line":238,"column":11},"end":{"line":241,"column":49}},"type":"binary-expr","locations":[{"start":{"line":238,"column":11},"end":{"line":238,"column":43}},{"start":{"line":239,"column":7},"end":{"line":239,"column":54}},{"start":{"line":240,"column":7},"end":{"line":240,"column":49}},{"start":{"line":241,"column":7},"end":{"line":241,"column":48}}],"line":238},"18":{"loc":{"start":{"line":247,"column":4},"end":{"line":255,"column":5}},"type":"if","locations":[{"start":{"line":247,"column":4},"end":{"line":255,"column":5}},{"start":{"line":247,"column":4},"end":{"line":255,"column":5}}],"line":247},"19":{"loc":{"start":{"line":247,"column":8},"end":{"line":248,"column":49}},"type":"binary-expr","locations":[{"start":{"line":247,"column":8},"end":{"line":247,"column":35}},{"start":{"line":248,"column":8},"end":{"line":248,"column":49}}],"line":247}},"s":{"0":1,"1":1,"2":1,"3":1,"4":1,"5":1,"6":1,"7":1,"8":0,"9":0,"10":0,"11":0,"12":0,"13":0,"14":0,"15":0,"16":0,"17":0,"18":0,"19":1,"20":0,"21":0,"22":0,"23":1,"24":0,"25":0,"26":0,"27":1,"28":0,"29":0,"30":0,"31":0,"32":0,"33":1,"34":0,"35":0,"36":0,"37":0,"38":0,"39":0,"40":0,"41":0,"42":0,"43":0,"44":0,"45":0,"46":0,"47":1,"48":0,"49":0,"50":0,"51":0,"52":0,"53":0,"54":0,"55":0,"56":0,"57":0,"58":0,"59":0,"60":0,"61":0,"62":0,"63":1,"64":0,"65":0,"66":0,"67":1,"68":0,"69":0,"70":0,"71":0,"72":0,"73":0,"74":0,"75":0,"76":0,"77":0,"78":0,"79":0,"80":0,"81":0,"82":0,"83":0,"84":0,"85":0,"86":0,"87":0,"88":0,"89":0,"90":1,"91":0,"92":0,"93":0,"94":1,"95":0,"96":0,"97":0,"98":0,"99":0,"100":0,"101":0,"102":1,"103":1},"f":{},"b":{"0":[0,0],"1":[0,0],"2":[0,0],"3":[0,0,0],"4":[0,0],"5":[0,0],"6":[0,0],"7":[0,0,0],"8":[0,0],"9":[0,0],"10":[0,0,0],"11":[0,0],"12":[0,0],"13":[0,0,0],"14":[0,0],"15":[0,0],"16":[0,0],"17":[0,0,0,0],"18":[0,0],"19":[0,0]},"_coverageSchema":"332fd63041d2c1bcb487cc26dd0d5f7d97098a6c","hash":"d8b929e733595fc052167b584496614daceaf257"}
}
